<?xml version="1.0" encoding="UTF-8"?>
<!-- Generated by org.testng.reporters.JUnitReportReporter -->
<testsuite skipped="0" hostname="harshit" name="test.TESTActitimeCreateLeave" tests="1" failures="0" timestamp="14 May 2020 23:24:13 GMT" time="88.559" errors="0">
  <testcase name="createLeave" time="88.559" classname="test.TESTActitimeCreateLeave"/>
</testsuite> <!-- test.TESTActitimeCreateLeave -->
