<?xml version="1.0" encoding="UTF-8"?>
<!-- Generated by org.testng.reporters.JUnitReportReporter -->
<testsuite skipped="0" hostname="harshit" name="test.TESTActitimeCreateProject" tests="1" failures="0" timestamp="14 May 2020 21:44:49 GMT" time="53.195" errors="0">
  <testcase name="createProject" time="53.195" classname="test.TESTActitimeCreateProject"/>
</testsuite> <!-- test.TESTActitimeCreateProject -->
